# JRE version: Java(TM) SE Runtime Environment (8.0_25-b18) (build 1.8.0_25-b18)
# Java VM: Java HotSpot(TM) 64-Bit Server VM (25.25-b02 mixed mode windows-amd64 compressed oops)
Heap:
 PSYoungGen      total 116736K, used 15922K [0x00000000f5580000, 0x0000000100000000, 0x0000000100000000)
  eden space 58880K, 19% used [0x00000000f5580000,0x00000000f60f1848,0x00000000f8f00000)
  from space 57856K, 7% used [0x00000000f8f00000,0x00000000f931b180,0x00000000fc780000)
  to   space 57856K, 0% used [0x00000000fc780000,0x00000000fc780000,0x0000000100000000)
 ParOldGen       total 312832K, used 187916K [0x00000000e0000000, 0x00000000f3180000, 0x00000000f5580000)
  object space 312832K, 60% used [0x00000000e0000000,0x00000000eb783110,0x00000000f3180000)
 Metaspace       used 45260K, capacity 46128K, committed 46720K, reserved 1091584K
  class space    used 5145K, capacity 5352K, committed 5504K, reserved 1048576K
GC Heap History (10 events):
Event: 523.946 GC heap before
{Heap before GC invocations=42 (full 5):
 PSYoungGen      total 116736K, used 57843K [0x00000000f5580000, 0x0000000100000000, 0x0000000100000000)
  eden space 58880K, 0% used [0x00000000f5580000,0x00000000f5580000,0x00000000f8f00000)
  from space 57856K, 99% used [0x00000000f8f00000,0x00000000fc77ce00,0x00000000fc780000)
  to   space 57856K, 0% used [0x00000000fc780000,0x00000000fc780000,0x0000000100000000)
 ParOldGen       total 199168K, used 174148K [0x00000000e0000000, 0x00000000ec280000, 0x00000000f5580000)
  object space 199168K, 87% used [0x00000000e0000000,0x00000000eaa112d8,0x00000000ec280000)
 Metaspace       used 44630K, capacity 45522K, committed 46080K, reserved 1089536K
  class space    used 5089K, capacity 5279K, committed 5376K, reserved 1048576K
Event: 525.159 GC heap after
Heap after GC invocations=42 (full 5):
 PSYoungGen      total 116736K, used 0K [0x00000000f5580000, 0x0000000100000000, 0x0000000100000000)
  eden space 58880K, 0% used [0x00000000f5580000,0x00000000f5580000,0x00000000f8f00000)
  from space 57856K, 0% used [0x00000000f8f00000,0x00000000f8f00000,0x00000000fc780000)
  to   space 57856K, 0% used [0x00000000fc780000,0x00000000fc780000,0x0000000100000000)
 ParOldGen       total 312832K, used 187892K [0x00000000e0000000, 0x00000000f3180000, 0x00000000f5580000)
  object space 312832K, 60% used [0x00000000e0000000,0x00000000eb77d110,0x00000000f3180000)
 Metaspace       used 44630K, capacity 45522K, committed 46080K, reserved 1089536K
  class space    used 5089K, capacity 5279K, committed 5376K, reserved 1048576K
}
Event: 525.713 GC heap before
{Heap before GC invocations=43 (full 5):
 PSYoungGen      total 116736K, used 56664K [0x00000000f5580000, 0x0000000100000000, 0x0000000100000000)
  eden space 58880K, 96% used [0x00000000f5580000,0x00000000f8cd6098,0x00000000f8f00000)
  from space 57856K, 0% used [0x00000000f8f00000,0x00000000f8f00000,0x00000000fc780000)
  to   space 57856K, 0% used [0x00000000fc780000,0x00000000fc780000,0x0000000100000000)
 ParOldGen       total 312832K, used 187892K [0x00000000e0000000, 0x00000000f3180000, 0x00000000f5580000)
  object space 312832K, 60% used [0x00000000e0000000,0x00000000eb77d110,0x00000000f3180000)
 Metaspace       used 44794K, capacity 45682K, committed 46080K, reserved 1089536K
  class space    used 5107K, capacity 5311K, committed 5376K, reserved 1048576K
Event: 525.722 GC heap after
Heap after GC invocations=43 (full 5):
 PSYoungGen      total 116736K, used 16209K [0x00000000f5580000, 0x0000000100000000, 0x0000000100000000)
  eden space 58880K, 0% used [0x00000000f5580000,0x00000000f5580000,0x00000000f8f00000)
  from space 57856K, 28% used [0x00000000fc780000,0x00000000fd754598,0x0000000100000000)
  to   space 57856K, 0% used [0x00000000f8f00000,0x00000000f8f00000,0x00000000fc780000)
 ParOldGen       total 312832K, used 187900K [0x00000000e0000000, 0x00000000f3180000, 0x00000000f5580000)
  object space 312832K, 60% used [0x00000000e0000000,0x00000000eb77f110,0x00000000f3180000)
 Metaspace       used 44794K, capacity 45682K, committed 46080K, reserved 1089536K
  class space    used 5107K, capacity 5311K, committed 5376K, reserved 1048576K
}
Event: 525.760 GC heap before
{Heap before GC invocations=44 (full 5):
 PSYoungGen      total 116736K, used 73178K [0x00000000f5580000, 0x0000000100000000, 0x0000000100000000)
  eden space 58880K, 96% used [0x00000000f5580000,0x00000000f8d223c0,0x00000000f8f00000)
  from space 57856K, 28% used [0x00000000fc780000,0x00000000fd754598,0x0000000100000000)
  to   space 57856K, 0% used [0x00000000f8f00000,0x00000000f8f00000,0x00000000fc780000)
 ParOldGen       total 312832K, used 187900K [0x00000000e0000000, 0x00000000f3180000, 0x00000000f5580000)
  object space 312832K, 60% used [0x00000000e0000000,0x00000000eb77f110,0x00000000f3180000)
 Metaspace       used 44794K, capacity 45682K, committed 46080K, reserved 1089536K
  class space    used 5107K, capacity 5311K, committed 5376K, reserved 1048576K
Event: 525.772 GC heap after
Heap after GC invocations=44 (full 5):
 PSYoungGen      total 116736K, used 26009K [0x00000000f5580000, 0x0000000100000000, 0x0000000100000000)
  eden space 58880K, 0% used [0x00000000f5580000,0x00000000f5580000,0x00000000f8f00000)
  from space 57856K, 44% used [0x00000000f8f00000,0x00000000fa866678,0x00000000fc780000)
  to   space 57856K, 0% used [0x00000000fc780000,0x00000000fc780000,0x0000000100000000)
 ParOldGen       total 312832K, used 187900K [0x00000000e0000000, 0x00000000f3180000, 0x00000000f5580000)
  object space 312832K, 60% used [0x00000000e0000000,0x00000000eb77f110,0x00000000f3180000)
 Metaspace       used 44794K, capacity 45682K, committed 46080K, reserved 1089536K
  class space    used 5107K, capacity 5311K, committed 5376K, reserved 1048576K
}
Event: 526.413 GC heap before
{Heap before GC invocations=45 (full 5):
 PSYoungGen      total 116736K, used 84889K [0x00000000f5580000, 0x0000000100000000, 0x0000000100000000)
  eden space 58880K, 100% used [0x00000000f5580000,0x00000000f8f00000,0x00000000f8f00000)
  from space 57856K, 44% used [0x00000000f8f00000,0x00000000fa866678,0x00000000fc780000)
  to   space 57856K, 0% used [0x00000000fc780000,0x00000000fc780000,0x0000000100000000)
 ParOldGen       total 312832K, used 187900K [0x00000000e0000000, 0x00000000f3180000, 0x00000000f5580000)
  object space 312832K, 60% used [0x00000000e0000000,0x00000000eb77f110,0x00000000f3180000)
 Metaspace       used 44910K, capacity 45816K, committed 46336K, reserved 1089536K
  class space    used 5118K, capacity 5312K, committed 5376K, reserved 1048576K
Event: 526.422 GC heap after
Heap after GC invocations=45 (full 5):
 PSYoungGen      total 116736K, used 15108K [0x00000000f5580000, 0x0000000100000000, 0x0000000100000000)
  eden space 58880K, 0% used [0x00000000f5580000,0x00000000f5580000,0x00000000f8f00000)
  from space 57856K, 26% used [0x00000000fc780000,0x00000000fd6410d8,0x0000000100000000)
  to   space 57856K, 0% used [0x00000000f8f00000,0x00000000f8f00000,0x00000000fc780000)
 ParOldGen       total 312832K, used 187908K [0x00000000e0000000, 0x00000000f3180000, 0x00000000f5580000)
  object space 312832K, 60% used [0x00000000e0000000,0x00000000eb781110,0x00000000f3180000)
 Metaspace       used 44910K, capacity 45816K, committed 46336K, reserved 1089536K
  class space    used 5118K, capacity 5312K, committed 5376K, reserved 1048576K
}
Event: 783.503 GC heap before
{Heap before GC invocations=46 (full 5):
 PSYoungGen      total 116736K, used 73988K [0x00000000f5580000, 0x0000000100000000, 0x0000000100000000)
  eden space 58880K, 100% used [0x00000000f5580000,0x00000000f8f00000,0x00000000f8f00000)
  from space 57856K, 26% used [0x00000000fc780000,0x00000000fd6410d8,0x0000000100000000)
  to   space 57856K, 0% used [0x00000000f8f00000,0x00000000f8f00000,0x00000000fc780000)
 ParOldGen       total 312832K, used 187908K [0x00000000e0000000, 0x00000000f3180000, 0x00000000f5580000)
  object space 312832K, 60% used [0x00000000e0000000,0x00000000eb781110,0x00000000f3180000)
 Metaspace       used 45095K, capacity 45944K, committed 46336K, reserved 1089536K
  class space    used 5128K, capacity 5312K, committed 5376K, reserved 1048576K
Event: 783.651 GC heap after
Heap after GC invocations=46 (full 5):
 PSYoungGen      total 116736K, used 4204K [0x00000000f5580000, 0x0000000100000000, 0x0000000100000000)
  eden space 58880K, 0% used [0x00000000f5580000,0x00000000f5580000,0x00000000f8f00000)
  from space 57856K, 7% used [0x00000000f8f00000,0x00000000f931b180,0x00000000fc780000)
  to   space 57856K, 0% used [0x00000000fc780000,0x00000000fc780000,0x0000000100000000)
 ParOldGen       total 312832K, used 187916K [0x00000000e0000000, 0x00000000f3180000, 0x00000000f5580000)
  object space 312832K, 60% used [0x00000000e0000000,0x00000000eb783110,0x00000000f3180000)
 Metaspace       used 45095K, capacity 45944K, committed 46336K, reserved 1089536K
  class space    used 5128K, capacity 5312K, committed 5376K, reserved 1048576K
}

