# JRE version: Java(TM) SE Runtime Environment (8.0_25-b18) (build 1.8.0_25-b18)
# Java VM: Java HotSpot(TM) 64-Bit Server VM (25.25-b02 mixed mode windows-amd64 compressed oops)
Heap:
 PSYoungGen      total 116736K, used 25675K [0x00000000f5580000, 0x0000000100000000, 0x0000000100000000)
  eden space 58880K, 37% used [0x00000000f5580000,0x00000000f6afa040,0x00000000f8f00000)
  from space 57856K, 6% used [0x00000000fc780000,0x00000000fcb18eb8,0x0000000100000000)
  to   space 57856K, 0% used [0x00000000f8f00000,0x00000000f8f00000,0x00000000fc780000)
 ParOldGen       total 301568K, used 209450K [0x00000000e0000000, 0x00000000f2680000, 0x00000000f5580000)
  object space 301568K, 69% used [0x00000000e0000000,0x00000000ecc8a830,0x00000000f2680000)
 Metaspace       used 41482K, capacity 42360K, committed 42496K, reserved 1087488K
  class space    used 4834K, capacity 5030K, committed 5120K, reserved 1048576K
GC Heap History (10 events):
Event: 118.037 GC heap before
{Heap before GC invocations=44 (full 4):
 PSYoungGen      total 116736K, used 80439K [0x00000000f5580000, 0x0000000100000000, 0x0000000100000000)
  eden space 58880K, 96% used [0x00000000f5580000,0x00000000f8cb9400,0x00000000f8f00000)
  from space 57856K, 41% used [0x00000000f8f00000,0x00000000fa654bf0,0x00000000fc780000)
  to   space 57856K, 0% used [0x00000000fc780000,0x00000000fc780000,0x0000000100000000)
 ParOldGen       total 301568K, used 196732K [0x00000000e0000000, 0x00000000f2680000, 0x00000000f5580000)
  object space 301568K, 65% used [0x00000000e0000000,0x00000000ec01f088,0x00000000f2680000)
 Metaspace       used 39665K, capacity 40532K, committed 40704K, reserved 1085440K
  class space    used 4624K, capacity 4828K, committed 4864K, reserved 1048576K
Event: 118.080 GC heap after
Heap after GC invocations=44 (full 4):
 PSYoungGen      total 116736K, used 51711K [0x00000000f5580000, 0x0000000100000000, 0x0000000100000000)
  eden space 58880K, 0% used [0x00000000f5580000,0x00000000f5580000,0x00000000f8f00000)
  from space 57856K, 89% used [0x00000000fc780000,0x00000000ff9ffe38,0x0000000100000000)
  to   space 57856K, 0% used [0x00000000f8f00000,0x00000000f8f00000,0x00000000fc780000)
 ParOldGen       total 301568K, used 196892K [0x00000000e0000000, 0x00000000f2680000, 0x00000000f5580000)
  object space 301568K, 65% used [0x00000000e0000000,0x00000000ec047088,0x00000000f2680000)
 Metaspace       used 39665K, capacity 40532K, committed 40704K, reserved 1085440K
  class space    used 4624K, capacity 4828K, committed 4864K, reserved 1048576K
}
Event: 118.293 GC heap before
{Heap before GC invocations=45 (full 4):
 PSYoungGen      total 116736K, used 109842K [0x00000000f5580000, 0x0000000100000000, 0x0000000100000000)
  eden space 58880K, 98% used [0x00000000f5580000,0x00000000f8e44bd0,0x00000000f8f00000)
  from space 57856K, 89% used [0x00000000fc780000,0x00000000ff9ffe38,0x0000000100000000)
  to   space 57856K, 0% used [0x00000000f8f00000,0x00000000f8f00000,0x00000000fc780000)
 ParOldGen       total 301568K, used 196892K [0x00000000e0000000, 0x00000000f2680000, 0x00000000f5580000)
  object space 301568K, 65% used [0x00000000e0000000,0x00000000ec047088,0x00000000f2680000)
 Metaspace       used 39675K, capacity 40538K, committed 40704K, reserved 1085440K
  class space    used 4625K, capacity 4829K, committed 4864K, reserved 1048576K
Event: 118.319 GC heap after
Heap after GC invocations=45 (full 4):
 PSYoungGen      total 116736K, used 24401K [0x00000000f5580000, 0x0000000100000000, 0x0000000100000000)
  eden space 58880K, 0% used [0x00000000f5580000,0x00000000f5580000,0x00000000f8f00000)
  from space 57856K, 42% used [0x00000000f8f00000,0x00000000fa6d4410,0x00000000fc780000)
  to   space 57856K, 0% used [0x00000000fc780000,0x00000000fc780000,0x0000000100000000)
 ParOldGen       total 301568K, used 198412K [0x00000000e0000000, 0x00000000f2680000, 0x00000000f5580000)
  object space 301568K, 65% used [0x00000000e0000000,0x00000000ec1c3088,0x00000000f2680000)
 Metaspace       used 39675K, capacity 40538K, committed 40704K, reserved 1085440K
  class space    used 4625K, capacity 4829K, committed 4864K, reserved 1048576K
}
Event: 119.071 GC heap before
{Heap before GC invocations=46 (full 4):
 PSYoungGen      total 116736K, used 80895K [0x00000000f5580000, 0x0000000100000000, 0x0000000100000000)
  eden space 58880K, 95% used [0x00000000f5580000,0x00000000f8cab8f8,0x00000000f8f00000)
  from space 57856K, 42% used [0x00000000f8f00000,0x00000000fa6d4410,0x00000000fc780000)
  to   space 57856K, 0% used [0x00000000fc780000,0x00000000fc780000,0x0000000100000000)
 ParOldGen       total 301568K, used 198412K [0x00000000e0000000, 0x00000000f2680000, 0x00000000f5580000)
  object space 301568K, 65% used [0x00000000e0000000,0x00000000ec1c3088,0x00000000f2680000)
 Metaspace       used 39824K, capacity 40666K, committed 40960K, reserved 1085440K
  class space    used 4638K, capacity 4829K, committed 4864K, reserved 1048576K
Event: 119.088 GC heap after
Heap after GC invocations=46 (full 4):
 PSYoungGen      total 116736K, used 9765K [0x00000000f5580000, 0x0000000100000000, 0x0000000100000000)
  eden space 58880K, 0% used [0x00000000f5580000,0x00000000f5580000,0x00000000f8f00000)
  from space 57856K, 16% used [0x00000000fc780000,0x00000000fd109798,0x0000000100000000)
  to   space 57856K, 0% used [0x00000000f8f00000,0x00000000f8f00000,0x00000000fc780000)
 ParOldGen       total 301568K, used 200084K [0x00000000e0000000, 0x00000000f2680000, 0x00000000f5580000)
  object space 301568K, 66% used [0x00000000e0000000,0x00000000ec365088,0x00000000f2680000)
 Metaspace       used 39824K, capacity 40666K, committed 40960K, reserved 1085440K
  class space    used 4638K, capacity 4829K, committed 4864K, reserved 1048576K
}
Event: 222.233 GC heap before
{Heap before GC invocations=47 (full 4):
 PSYoungGen      total 116736K, used 68645K [0x00000000f5580000, 0x0000000100000000, 0x0000000100000000)
  eden space 58880K, 100% used [0x00000000f5580000,0x00000000f8f00000,0x00000000f8f00000)
  from space 57856K, 16% used [0x00000000fc780000,0x00000000fd109798,0x0000000100000000)
  to   space 57856K, 0% used [0x00000000f8f00000,0x00000000f8f00000,0x00000000fc780000)
 ParOldGen       total 301568K, used 200084K [0x00000000e0000000, 0x00000000f2680000, 0x00000000f5580000)
  object space 301568K, 66% used [0x00000000e0000000,0x00000000ec365088,0x00000000f2680000)
 Metaspace       used 39981K, capacity 40858K, committed 40960K, reserved 1085440K
  class space    used 4646K, capacity 4829K, committed 4864K, reserved 1048576K
Event: 222.246 GC heap after
Heap after GC invocations=47 (full 4):
 PSYoungGen      total 116736K, used 10740K [0x00000000f5580000, 0x0000000100000000, 0x0000000100000000)
  eden space 58880K, 0% used [0x00000000f5580000,0x00000000f5580000,0x00000000f8f00000)
  from space 57856K, 18% used [0x00000000f8f00000,0x00000000f997d080,0x00000000fc780000)
  to   space 57856K, 0% used [0x00000000fc780000,0x00000000fc780000,0x0000000100000000)
 ParOldGen       total 301568K, used 200700K [0x00000000e0000000, 0x00000000f2680000, 0x00000000f5580000)
  object space 301568K, 66% used [0x00000000e0000000,0x00000000ec3ff098,0x00000000f2680000)
 Metaspace       used 39981K, capacity 40858K, committed 40960K, reserved 1085440K
  class space    used 4646K, capacity 4829K, committed 4864K, reserved 1048576K
}
Event: 223.464 GC heap before
{Heap before GC invocations=48 (full 4):
 PSYoungGen      total 116736K, used 69620K [0x00000000f5580000, 0x0000000100000000, 0x0000000100000000)
  eden space 58880K, 100% used [0x00000000f5580000,0x00000000f8f00000,0x00000000f8f00000)
  from space 57856K, 18% used [0x00000000f8f00000,0x00000000f997d080,0x00000000fc780000)
  to   space 57856K, 0% used [0x00000000fc780000,0x00000000fc780000,0x0000000100000000)
 ParOldGen       total 301568K, used 200700K [0x00000000e0000000, 0x00000000f2680000, 0x00000000f5580000)
  object space 301568K, 66% used [0x00000000e0000000,0x00000000ec3ff098,0x00000000f2680000)
 Metaspace       used 41358K, capacity 42232K, committed 42496K, reserved 1087488K
  class space    used 4824K, capacity 5030K, committed 5120K, reserved 1048576K
Event: 223.487 GC heap after
Heap after GC invocations=48 (full 4):
 PSYoungGen      total 116736K, used 3683K [0x00000000f5580000, 0x0000000100000000, 0x0000000100000000)
  eden space 58880K, 0% used [0x00000000f5580000,0x00000000f5580000,0x00000000f8f00000)
  from space 57856K, 6% used [0x00000000fc780000,0x00000000fcb18eb8,0x0000000100000000)
  to   space 57856K, 0% used [0x00000000f8f00000,0x00000000f8f00000,0x00000000fc780000)
 ParOldGen       total 301568K, used 209450K [0x00000000e0000000, 0x00000000f2680000, 0x00000000f5580000)
  object space 301568K, 69% used [0x00000000e0000000,0x00000000ecc8a830,0x00000000f2680000)
 Metaspace       used 41358K, capacity 42232K, committed 42496K, reserved 1087488K
  class space    used 4824K, capacity 5030K, committed 5120K, reserved 1048576K
}

