# JRE version: Java(TM) SE Runtime Environment (8.0_25-b18) (build 1.8.0_25-b18)
# Java VM: Java HotSpot(TM) 64-Bit Server VM (25.25-b02 mixed mode windows-amd64 compressed oops)
Heap:
 PSYoungGen      total 114688K, used 69506K [0x00000000f5580000, 0x00000000ffd00000, 0x0000000100000000)
  eden space 63488K, 66% used [0x00000000f5580000,0x00000000f7e8bee0,0x00000000f9380000)
  from space 51200K, 53% used [0x00000000f9380000,0x00000000fae54b10,0x00000000fc580000)
  to   space 51200K, 0% used [0x00000000fcb00000,0x00000000fcb00000,0x00000000ffd00000)
 ParOldGen       total 261120K, used 199899K [0x00000000e0000000, 0x00000000eff00000, 0x00000000f5580000)
  object space 261120K, 76% used [0x00000000e0000000,0x00000000ec336f40,0x00000000eff00000)
 Metaspace       used 56749K, capacity 57704K, committed 57816K, reserved 1099776K
  class space    used 6434K, capacity 6630K, committed 6656K, reserved 1048576K
GC Heap History (10 events):
Event: 848.474 GC heap before
{Heap before GC invocations=66 (full 5):
 PSYoungGen      total 116736K, used 106039K [0x00000000f5580000, 0x0000000100000000, 0x0000000100000000)
  eden space 70144K, 100% used [0x00000000f5580000,0x00000000f9a00000,0x00000000f9a00000)
  from space 46592K, 77% used [0x00000000fcc80000,0x00000000fef8de38,0x00000000ffa00000)
  to   space 51712K, 0% used [0x00000000f9a00000,0x00000000f9a00000,0x00000000fcc80000)
 ParOldGen       total 261120K, used 182776K [0x00000000e0000000, 0x00000000eff00000, 0x00000000f5580000)
  object space 261120K, 69% used [0x00000000e0000000,0x00000000eb27e3f0,0x00000000eff00000)
 Metaspace       used 56691K, capacity 57634K, committed 57816K, reserved 1099776K
  class space    used 6433K, capacity 6629K, committed 6656K, reserved 1048576K
Event: 848.576 GC heap after
Heap after GC invocations=66 (full 5):
 PSYoungGen      total 117248K, used 46773K [0x00000000f5580000, 0x0000000100000000, 0x0000000100000000)
  eden space 70144K, 0% used [0x00000000f5580000,0x00000000f5580000,0x00000000f9a00000)
  from space 47104K, 99% used [0x00000000f9a00000,0x00000000fc7ad5a0,0x00000000fc800000)
  to   space 57344K, 0% used [0x00000000fc800000,0x00000000fc800000,0x0000000100000000)
 ParOldGen       total 261120K, used 182776K [0x00000000e0000000, 0x00000000eff00000, 0x00000000f5580000)
  object space 261120K, 69% used [0x00000000e0000000,0x00000000eb27e3f0,0x00000000eff00000)
 Metaspace       used 56691K, capacity 57634K, committed 57816K, reserved 1099776K
  class space    used 6433K, capacity 6629K, committed 6656K, reserved 1048576K
}
Event: 852.988 GC heap before
{Heap before GC invocations=67 (full 5):
 PSYoungGen      total 117248K, used 116917K [0x00000000f5580000, 0x0000000100000000, 0x0000000100000000)
  eden space 70144K, 100% used [0x00000000f5580000,0x00000000f9a00000,0x00000000f9a00000)
  from space 47104K, 99% used [0x00000000f9a00000,0x00000000fc7ad5a0,0x00000000fc800000)
  to   space 57344K, 0% used [0x00000000fc800000,0x00000000fc800000,0x0000000100000000)
 ParOldGen       total 261120K, used 182776K [0x00000000e0000000, 0x00000000eff00000, 0x00000000f5580000)
  object space 261120K, 69% used [0x00000000e0000000,0x00000000eb27e3f0,0x00000000eff00000)
 Metaspace       used 56698K, capacity 57640K, committed 57816K, reserved 1099776K
  class space    used 6434K, capacity 6630K, committed 6656K, reserved 1048576K
Event: 853.094 GC heap after
Heap after GC invocations=67 (full 5):
 PSYoungGen      total 117760K, used 11680K [0x00000000f5580000, 0x0000000100000000, 0x0000000100000000)
  eden space 60416K, 0% used [0x00000000f5580000,0x00000000f5580000,0x00000000f9080000)
  from space 57344K, 20% used [0x00000000fc800000,0x00000000fd368170,0x0000000100000000)
  to   space 56832K, 0% used [0x00000000f9080000,0x00000000f9080000,0x00000000fc800000)
 ParOldGen       total 261120K, used 191355K [0x00000000e0000000, 0x00000000eff00000, 0x00000000f5580000)
  object space 261120K, 73% used [0x00000000e0000000,0x00000000ebaded10,0x00000000eff00000)
 Metaspace       used 56698K, capacity 57640K, committed 57816K, reserved 1099776K
  class space    used 6434K, capacity 6630K, committed 6656K, reserved 1048576K
}
Event: 854.710 GC heap before
{Heap before GC invocations=68 (full 5):
 PSYoungGen      total 117760K, used 69057K [0x00000000f5580000, 0x0000000100000000, 0x0000000100000000)
  eden space 60416K, 94% used [0x00000000f5580000,0x00000000f8d88500,0x00000000f9080000)
  from space 57344K, 20% used [0x00000000fc800000,0x00000000fd368170,0x0000000100000000)
  to   space 56832K, 0% used [0x00000000f9080000,0x00000000f9080000,0x00000000fc800000)
 ParOldGen       total 261120K, used 191355K [0x00000000e0000000, 0x00000000eff00000, 0x00000000f5580000)
  object space 261120K, 73% used [0x00000000e0000000,0x00000000ebaded10,0x00000000eff00000)
 Metaspace       used 56701K, capacity 57640K, committed 57816K, reserved 1099776K
  class space    used 6434K, capacity 6630K, committed 6656K, reserved 1048576K
Event: 854.739 GC heap after
Heap after GC invocations=68 (full 5):
 PSYoungGen      total 82432K, used 21861K [0x00000000f5580000, 0x00000000ffa80000, 0x0000000100000000)
  eden space 60416K, 0% used [0x00000000f5580000,0x00000000f5580000,0x00000000f9080000)
  from space 22016K, 99% used [0x00000000f9080000,0x00000000fa5d97e8,0x00000000fa600000)
  to   space 54272K, 0% used [0x00000000fc580000,0x00000000fc580000,0x00000000ffa80000)
 ParOldGen       total 261120K, used 191395K [0x00000000e0000000, 0x00000000eff00000, 0x00000000f5580000)
  object space 261120K, 73% used [0x00000000e0000000,0x00000000ebae8d10,0x00000000eff00000)
 Metaspace       used 56701K, capacity 57640K, committed 57816K, reserved 1099776K
  class space    used 6434K, capacity 6630K, committed 6656K, reserved 1048576K
}
Event: 854.878 GC heap before
{Heap before GC invocations=69 (full 5):
 PSYoungGen      total 82432K, used 80195K [0x00000000f5580000, 0x00000000ffa80000, 0x0000000100000000)
  eden space 60416K, 96% used [0x00000000f5580000,0x00000000f8e77700,0x00000000f9080000)
  from space 22016K, 99% used [0x00000000f9080000,0x00000000fa5d97e8,0x00000000fa600000)
  to   space 54272K, 0% used [0x00000000fc580000,0x00000000fc580000,0x00000000ffa80000)
 ParOldGen       total 261120K, used 191395K [0x00000000e0000000, 0x00000000eff00000, 0x00000000f5580000)
  object space 261120K, 73% used [0x00000000e0000000,0x00000000ebae8d10,0x00000000eff00000)
 Metaspace       used 56701K, capacity 57640K, committed 57816K, reserved 1099776K
  class space    used 6434K, capacity 6630K, committed 6656K, reserved 1048576K
Event: 854.906 GC heap after
Heap after GC invocations=69 (full 5):
 PSYoungGen      total 117760K, used 19447K [0x00000000f5580000, 0x00000000ffb80000, 0x0000000100000000)
  eden space 63488K, 0% used [0x00000000f5580000,0x00000000f5580000,0x00000000f9380000)
  from space 54272K, 35% used [0x00000000fc580000,0x00000000fd87de58,0x00000000ffa80000)
  to   space 51200K, 0% used [0x00000000f9380000,0x00000000f9380000,0x00000000fc580000)
 ParOldGen       total 261120K, used 191395K [0x00000000e0000000, 0x00000000eff00000, 0x00000000f5580000)
  object space 261120K, 73% used [0x00000000e0000000,0x00000000ebae8d10,0x00000000eff00000)
 Metaspace       used 56701K, capacity 57640K, committed 57816K, reserved 1099776K
  class space    used 6434K, capacity 6630K, committed 6656K, reserved 1048576K
}
Event: 854.955 GC heap before
{Heap before GC invocations=70 (full 5):
 PSYoungGen      total 117760K, used 82889K [0x00000000f5580000, 0x00000000ffb80000, 0x0000000100000000)
  eden space 63488K, 99% used [0x00000000f5580000,0x00000000f93748c8,0x00000000f9380000)
  from space 54272K, 35% used [0x00000000fc580000,0x00000000fd87de58,0x00000000ffa80000)
  to   space 51200K, 0% used [0x00000000f9380000,0x00000000f9380000,0x00000000fc580000)
 ParOldGen       total 261120K, used 191395K [0x00000000e0000000, 0x00000000eff00000, 0x00000000f5580000)
  object space 261120K, 73% used [0x00000000e0000000,0x00000000ebae8d10,0x00000000eff00000)
 Metaspace       used 56701K, capacity 57640K, committed 57816K, reserved 1099776K
  class space    used 6434K, capacity 6630K, committed 6656K, reserved 1048576K
Event: 855.010 GC heap after
Heap after GC invocations=70 (full 5):
 PSYoungGen      total 114688K, used 27474K [0x00000000f5580000, 0x00000000ffd00000, 0x0000000100000000)
  eden space 63488K, 0% used [0x00000000f5580000,0x00000000f5580000,0x00000000f9380000)
  from space 51200K, 53% used [0x00000000f9380000,0x00000000fae54b10,0x00000000fc580000)
  to   space 51200K, 0% used [0x00000000fcb00000,0x00000000fcb00000,0x00000000ffd00000)
 ParOldGen       total 261120K, used 199899K [0x00000000e0000000, 0x00000000eff00000, 0x00000000f5580000)
  object space 261120K, 76% used [0x00000000e0000000,0x00000000ec336f40,0x00000000eff00000)
 Metaspace       used 56701K, capacity 57640K, committed 57816K, reserved 1099776K
  class space    used 6434K, capacity 6630K, committed 6656K, reserved 1048576K
}

